<?xml version="1.0" encoding="UTF-8"?>
<!-- Generated by org.testng.reporters.JUnitReportReporter -->
<testsuite skipped="0" hostname="Anjal_PC" name="MyConfig.TestRunnerTestNGScenario" tests="7" failures="0" timestamp="2022-03-24T13:03:48 EDT" time="37.480" errors="1">
  <testcase name="scenario" time="4.899" classname="MyConfig.TestRunnerTestNGScenario"/>
  <system-out/>
  <testcase name="scenario" time="7.499" classname="MyConfig.TestRunnerTestNGScenario"/>
  <system-out/>
  <testcase name="scenario" time="4.865" classname="MyConfig.TestRunnerTestNGScenario"/>
  <system-out/>
  <testcase name="scenario" time="10.398" classname="MyConfig.TestRunnerTestNGScenario"/>
  <system-out/>
  <testcase name="scenario" time="7.346" classname="MyConfig.TestRunnerTestNGScenario"/>
  <system-out/>
  <testcase name="scenario" time="2.299" classname="MyConfig.TestRunnerTestNGScenario">
    <error type="io.cucumber.testng.UndefinedStepException" message="The step &#039;User enter &quot;name&quot; into textbox &quot;googlesearchbox&quot; and verify &quot;1st-result&quot; contains Text &quot;Wikipedia&quot; on &quot;GlSearchrResult&quot; page&#039; is undefined.
You can implement this step using the snippet(s) below:

@When(&quot;User enter {string} into textbox {string} and verify {string} contains Text {string} on {string} page&quot;)
public void user_enter_into_textbox_and_verify_contains_text_on_page(String string, String string2, String string3, String string4, String string5) {
    // Write code here that turns the phrase above into concrete actions
    throw new io.cucumber.java.PendingException();
}
">
      <![CDATA[io.cucumber.testng.UndefinedStepException: The step 'User enter "name" into textbox "googlesearchbox" and verify "1st-result" contains Text "Wikipedia" on "GlSearchrResult" page' is undefined.
You can implement this step using the snippet(s) below:

@When("User enter {string} into textbox {string} and verify {string} contains Text {string} on {string} page")
public void user_enter_into_textbox_and_verify_contains_text_on_page(String string, String string2, String string3, String string4, String string5) {
    // Write code here that turns the phrase above into concrete actions
    throw new io.cucumber.java.PendingException();
}

at io.cucumber.core.runtime.TestCaseResultObserver.assertTestCasePassed(TestCaseResultObserver.java:69)
at io.cucumber.testng.TestCaseResultObserver.assertTestCasePassed(TestCaseResultObserver.java:23)
at io.cucumber.testng.TestNGCucumberRunner.lambda$runScenario$0(TestNGCucumberRunner.java:118)
at io.cucumber.core.runtime.CucumberExecutionContext.runTestCase(CucumberExecutionContext.java:117)
at io.cucumber.testng.TestNGCucumberRunner.runScenario(TestNGCucumberRunner.java:114)
at MyConfig.TestRunnerTestNGScenario.scenario(TestRunnerTestNGScenario.java:61)
at sun.reflect.NativeMethodAccessorImpl.invoke0(Native Method)
at sun.reflect.NativeMethodAccessorImpl.invoke(Unknown Source)
at sun.reflect.DelegatingMethodAccessorImpl.invoke(Unknown Source)
at java.lang.reflect.Method.invoke(Unknown Source)
at org.testng.internal.MethodInvocationHelper.invokeMethod(MethodInvocationHelper.java:133)
at org.testng.internal.TestInvoker.invokeMethod(TestInvoker.java:598)
at org.testng.internal.TestInvoker.invokeTestMethod(TestInvoker.java:173)
at org.testng.internal.MethodRunner.runInSequence(MethodRunner.java:46)
at org.testng.internal.TestInvoker$MethodInvocationAgent.invoke(TestInvoker.java:824)
at org.testng.internal.TestInvoker.invokeTestMethods(TestInvoker.java:146)
at org.testng.internal.TestMethodWorker.invokeTestMethods(TestMethodWorker.java:146)
at org.testng.internal.TestMethodWorker.run(TestMethodWorker.java:128)
at java.util.ArrayList.forEach(Unknown Source)
at org.testng.TestRunner.privateRun(TestRunner.java:794)
at org.testng.TestRunner.run(TestRunner.java:596)
at org.testng.SuiteRunner.runTest(SuiteRunner.java:377)
at org.testng.SuiteRunner.runSequentially(SuiteRunner.java:371)
at org.testng.SuiteRunner.privateRun(SuiteRunner.java:332)
at org.testng.SuiteRunner.run(SuiteRunner.java:276)
at org.testng.SuiteRunnerWorker.runSuite(SuiteRunnerWorker.java:53)
at org.testng.SuiteRunnerWorker.run(SuiteRunnerWorker.java:96)
at org.testng.TestNG.runSuitesSequentially(TestNG.java:1212)
at org.testng.TestNG.runSuitesLocally(TestNG.java:1134)
at org.testng.TestNG.runSuites(TestNG.java:1063)
at org.testng.TestNG.run(TestNG.java:1031)
at org.testng.remote.AbstractRemoteTestNG.run(AbstractRemoteTestNG.java:115)
at org.testng.remote.RemoteTestNG.initAndRun(RemoteTestNG.java:251)
at org.testng.remote.RemoteTestNG.main(RemoteTestNG.java:77)
]]>
    </error>
  </testcase> <!-- scenario -->
  <system-out/>
  <testcase name="scenario" time="0.174" classname="MyConfig.TestRunnerTestNGScenario"/>
  <system-out/>
</testsuite> <!-- MyConfig.TestRunnerTestNGScenario -->
